\BOOKMARK [0][-]{chapter*.2}{Lista de tabele}{}% 1
\BOOKMARK [0][-]{chapter*.3}{Lista de figuri}{}% 2
\BOOKMARK [0][-]{chapter.1}{Introducere}{}% 3
\BOOKMARK [1][-]{section.1.1}{Context}{chapter.1}% 4
\BOOKMARK [1][-]{section.1.2}{Motivatie}{chapter.1}% 5
\BOOKMARK [1][-]{section.1.3}{Structura lucrarii}{chapter.1}% 6
\BOOKMARK [0][-]{chapter.2}{Obiective si specificatii}{}% 7
\BOOKMARK [1][-]{section.2.1}{Obiective}{chapter.2}% 8
\BOOKMARK [1][-]{section.2.2}{Specificatii}{chapter.2}% 9
\BOOKMARK [2][-]{subsection.2.2.1}{Specificatii functionale}{section.2.2}% 10
\BOOKMARK [2][-]{subsection.2.2.2}{Specificatii non-functionale}{section.2.2}% 11
\BOOKMARK [0][-]{chapter.3}{Studiu bibliografic}{}% 12
\BOOKMARK [1][-]{section.3.1}{Abordari similare}{chapter.3}% 13
\BOOKMARK [1][-]{section.3.2}{Tehnici/Tehnologii/Surse folosite}{chapter.3}% 14
\BOOKMARK [0][-]{chapter.4}{Fundamente teoretice}{}% 15
\BOOKMARK [0][-]{chapter.5}{Prezentarea contributiilor autorului}{}% 16
\BOOKMARK [1][-]{section.5.1}{Precizari asupra continutului si a modului de organizare}{chapter.5}% 17
\BOOKMARK [2][-]{subsection.5.1.1}{Dimensiune}{section.5.1}% 18
\BOOKMARK [1][-]{section.5.2}{Examples: lists, figures, tables, equations}{chapter.5}% 19
\BOOKMARK [0][-]{chapter.6}{Rezultate teoretice si experimentale}{}% 20
\BOOKMARK [1][-]{section.6.1}{Teste de functionalitate}{chapter.6}% 21
\BOOKMARK [1][-]{section.6.2}{Teste de performanta}{chapter.6}% 22
\BOOKMARK [0][-]{chapter.7}{Conluzii}{}% 23
\BOOKMARK [0][-]{chapter*.4}{Bibliografie}{}% 24
\BOOKMARK [0][-]{chapter.1}{Diverse anexe}{}% 25
\BOOKMARK [0][-]{chapter.2}{Demonstratii matematice detaliate \(daca exista\)}{}% 26
\BOOKMARK [0][-]{chapter.3}{Pseudo-cod sau cod \(daca exista\)}{}% 27
\BOOKMARK [0][-]{chapter.4}{Articole publicate}{}% 28
